Arguments: 
  /usr/local/bin/node /usr/local/bin/yarn add @rimraf

PATH: 
  /usr/local/bin:/usr/bin:/bin:/usr/sbin:/sbin

Yarn version: 
  1.17.3

Node version: 
  10.16.0

Platform: 
  darwin x64

Trace: 
  Error: https://registry.yarnpkg.com/@rimraf: Request "https://registry.yarnpkg.com/@rimraf" returned a 405
      at Request.params.callback [as _callback] (/usr/local/lib/node_modules/yarn/lib/cli.js:66839:18)
      at Request.self.callback (/usr/local/lib/node_modules/yarn/lib/cli.js:140464:22)
      at Request.emit (events.js:198:13)
      at Request.<anonymous> (/usr/local/lib/node_modules/yarn/lib/cli.js:141436:10)
      at Request.emit (events.js:198:13)
      at IncomingMessage.<anonymous> (/usr/local/lib/node_modules/yarn/lib/cli.js:141358:12)
      at Object.onceWrapper (events.js:286:20)
      at IncomingMessage.emit (events.js:203:15)
      at endReadableNT (_stream_readable.js:1129:12)
      at process._tickCallback (internal/process/next_tick.js:63:19)

npm manifest: 
  {
    "main": "protal.js",
    "name": "@tars/rpc",
    "version": "2.0.10",
    "description": "tars4nodejs的rpc通信框架",
    "author": {
      "name": "czzou",
      "email": "czzou@tencent.com"
    },
    "keywords": [
      "tars",
      "tup",
      "proxy",
      "server"
    ],
    "homepage": "https://github.com/tars-node/rpc",
    "bugs": {
      "url": "https://github.com/tars-node/rpc/issues"
    },
    "repository": {
      "type": "git",
      "url": "https://github.com/tars-node/rpc.git"
    },
    "dependencies": {
      "@tars/dyeing": "^2.0.0",
      "@tars/monitor": "^2.0.0",
      "@tars/registry": "^2.0.0",
      "@tars/utils": "^2.0.0",
      "@tars/stream": "^2.0.1",
      "hashring": "^3.2.0"
    },
    "readmeFilename": "README.md",
    "license": "BSD-3-Clause"
  }

yarn manifest: 
  No manifest

Lockfile: 
  # THIS IS AN AUTOGENERATED FILE. DO NOT EDIT THIS FILE DIRECTLY.
  # yarn lockfile v1
  
  
  "@tars/dyeing@^2.0.0":
    version "2.0.0"
    resolved "https://registry.yarnpkg.com/@tars/dyeing/-/dyeing-2.0.0.tgz#48524abbd8bb878f93f24d4605c53acdefd62689"
    integrity sha512-7WTk7vRSF2ZlXoRXaAYUs4ReK/sVaBXq0iHGMPWjfAvnkWQn34snncLRWlJ4riSyxUMqeIaB9u1oJWks/T3G5g==
  
  "@tars/monitor@^2.0.0":
    version "2.1.1"
    resolved "https://registry.yarnpkg.com/@tars/monitor/-/monitor-2.1.1.tgz#789773499855e16ef4dba3914b3b3c4bd5ad1303"
    integrity sha512-wlxllNQAkTsSXTtptQaGh9nugZdQ6Jzrob4hk/26d/AQLFOM65Wpm5wNefxgoW06X18DBEHhDTgtbputdTnvGw==
    dependencies:
      "@tars/rpc" "^2.0.0"
      "@tars/stream" latest
      "@tars/utils" latest
  
  "@tars/registry@^2.0.0":
    version "2.0.3"
    resolved "https://registry.yarnpkg.com/@tars/registry/-/registry-2.0.3.tgz#d6e8088b4ca0c3accabc0d104bc2dc5cde35b7ee"
    integrity sha512-2lot2SC/FWz72Wzb4+W6nhg3xP4ntSLIv5n0yL1H8NSa1pE7RctCyW/nmDdNXcYq+32GskCe9FTYhVb2rhI5RA==
    dependencies:
      "@tars/rpc" latest
      "@tars/stream" latest
  
  "@tars/rpc@^2.0.0", "@tars/rpc@latest":
    version "2.0.10"
    resolved "https://registry.yarnpkg.com/@tars/rpc/-/rpc-2.0.10.tgz#4de61dcccf12f46b4422c823818abe09ef9929f8"
    integrity sha512-QTYaJDZYb/XK8VmM8s17WdOocv5TtayPkV9Cf2L7KgYLlCqNd6rHjE6m5UnwXFmlhHXwBguY5JTPr5e9fidgWg==
    dependencies:
      "@tars/dyeing" "^2.0.0"
      "@tars/monitor" "^2.0.0"
      "@tars/registry" "^2.0.0"
      "@tars/stream" "^2.0.1"
      "@tars/utils" "^2.0.0"
      hashring "^3.2.0"
  
  "@tars/stream@^2.0.1", "@tars/stream@latest":
    version "2.0.1"
    resolved "https://registry.yarnpkg.com/@tars/stream/-/stream-2.0.1.tgz#c817bd579fb13a1e08cf12732f5a384e96c91cae"
    integrity sha512-19EUxJCA/y2pHQDYR1Iutr2P2GCeXMFuO6kabYOwzrpsKPhMyd6gGnFT2d4e+86hXC8vTXGBAuzJrAGIgvqiMA==
    dependencies:
      big.js "^3.1.3"
  
  "@tars/utils@^2.0.0", "@tars/utils@latest":
    version "2.0.0"
    resolved "https://registry.yarnpkg.com/@tars/utils/-/utils-2.0.0.tgz#b87aa18d0e5f934a9728689ae7ca731ab0304ca8"
    integrity sha512-JrxaB4afXe9HMDeXMhRGDinWEmLNhCM8zkBlGTNwPmuwYoW7SWh439zMw0NBPWy8AMlvMgY5Rkmlp+H9reB5Jg==
    dependencies:
      bluebird "^3.4.6"
  
  big.js@^3.1.3:
    version "3.2.0"
    resolved "https://registry.yarnpkg.com/big.js/-/big.js-3.2.0.tgz#a5fc298b81b9e0dca2e458824784b65c52ba588e"
    integrity sha512-+hN/Zh2D08Mx65pZ/4g5bsmNiZUuChDiQfTUQ7qJr4/kuopCr88xZsAXv6mBoZEsUI4OuGHlX59qE94K2mMW8Q==
  
  bluebird@^3.4.6:
    version "3.5.5"
    resolved "https://registry.yarnpkg.com/bluebird/-/bluebird-3.5.5.tgz#a8d0afd73251effbbd5fe384a77d73003c17a71f"
    integrity sha512-5am6HnnfN+urzt4yfg7IgTbotDjIT/u8AJpEt0sIU9FtXfVeezXAPKswrG+xKUCOYAINpSdgZVDU6QFh+cuH3w==
  
  connection-parse@0.0.x:
    version "0.0.7"
    resolved "https://registry.yarnpkg.com/connection-parse/-/connection-parse-0.0.7.tgz#18e7318aab06a699267372b10c5226d25a1c9a69"
    integrity sha1-GOcxiqsGppkmc3KxDFIm0locmmk=
  
  hashring@^3.2.0:
    version "3.2.0"
    resolved "https://registry.yarnpkg.com/hashring/-/hashring-3.2.0.tgz#fda4efde8aa22cdb97fb1d2a65e88401e1c144ce"
    integrity sha1-/aTv3oqiLNuX+x0qZeiEAeHBRM4=
    dependencies:
      connection-parse "0.0.x"
      simple-lru-cache "0.0.x"
  
  simple-lru-cache@0.0.x:
    version "0.0.2"
    resolved "https://registry.yarnpkg.com/simple-lru-cache/-/simple-lru-cache-0.0.2.tgz#d59cc3a193c1a5d0320f84ee732f6e4713e511dd"
    integrity sha1-1ZzDoZPBpdAyD4Tucy9uRxPlEd0=
